2021-11-03 13:12:32 INFO  DepartmentReader:18 - Introduce el nombre: 
2021-11-03 13:13:44 INFO  Menu:36 - Department{name='Marketing', description='Labores de publicidad y gesti贸n de clientes'}
2021-11-03 13:13:54 INFO  DepartmentReader:18 - Introduce el nombre: 
2021-11-03 13:14:04 INFO  DepartmentReader:19 - Introduce el nombre: 
2021-11-03 13:14:04 INFO  DepartmentReader:21 - Introduce la descripcion: 
2021-11-03 13:15:37 INFO  Menu:32 - Introduce la opcion que desees: 
2021-11-03 13:15:40 INFO  Menu:38 - Department{name='Marketing', description='Labores de publicidad y gesti贸n de clientes'}
2021-11-03 13:18:37 INFO  Menu:34 - Introduce la opcion que desees: 
2021-11-03 13:18:40 INFO  Menu:40 - Department{name='Marketing', description='Labores de publicidad y gesti贸n de clientes'}
2021-11-03 13:18:40 INFO  Menu:34 - Introduce la opcion que desees: 
2021-11-03 13:18:43 INFO  DepartmentReader:18 - Introduce el nombre: 
2021-11-03 13:18:45 INFO  Menu:34 - Introduce la opcion que desees: 
2021-11-03 13:18:47 INFO  Menu:47 - Has salido satisfactoriamente.
2021-11-03 13:26:17 INFO  Menu:34 - **************************MENU**************************
2021-11-03 13:26:17 INFO  Menu:35 - ** 1. Muestra los departamentos. ** 
2021-11-03 13:26:17 INFO  Menu:36 - ** 2. Muestra los empleados dado un departamento. ** 
2021-11-03 13:26:17 INFO  Menu:37 - ** 3. Inserta un departamento. ** 
2021-11-03 13:26:17 INFO  Menu:38 - ** 4. Salir. ** 
2021-11-03 13:26:17 INFO  Menu:39 - **************************MENU**************************
2021-11-03 13:26:17 INFO  Menu:40 - Introduce la opcion que desees: 
2021-11-03 13:26:25 INFO  Menu:46 - Department{name='Marketing', description='Labores de publicidad y gesti贸n de clientes'}
2021-11-03 13:26:25 INFO  Menu:34 - **************************MENU**************************
2021-11-03 13:26:25 INFO  Menu:35 - ** 1. Muestra los departamentos. ** 
2021-11-03 13:26:25 INFO  Menu:36 - ** 2. Muestra los empleados dado un departamento. ** 
2021-11-03 13:26:25 INFO  Menu:37 - ** 3. Inserta un departamento. ** 
2021-11-03 13:26:25 INFO  Menu:38 - ** 4. Salir. ** 
2021-11-03 13:26:25 INFO  Menu:39 - **************************MENU**************************
2021-11-03 13:26:25 INFO  Menu:40 - Introduce la opcion que desees: 
2021-11-03 13:27:05 INFO  Menu:34 - **************************MENU**************************
2021-11-03 13:27:05 INFO  Menu:35 -   1. Muestra los departamentos.
2021-11-03 13:27:05 INFO  Menu:36 -   2. Muestra los empleados dado un departamento.
2021-11-03 13:27:05 INFO  Menu:37 -   3. Inserta un departamento.
2021-11-03 13:27:05 INFO  Menu:38 -   4. Salir.
2021-11-03 13:27:05 INFO  Menu:39 - **************************MENU**************************
2021-11-03 13:27:05 INFO  Menu:40 - Introduce la opcion que desees: 
2021-11-03 13:29:25 INFO  Menu:34 - **************************MENU**************************
2021-11-03 13:29:25 INFO  Menu:35 -   1. Muestra los departamentos.
2021-11-03 13:29:25 INFO  Menu:36 -   2. Muestra los empleados dado un departamento.
2021-11-03 13:29:25 INFO  Menu:37 -   3. Inserta un departamento.
2021-11-03 13:29:25 INFO  Menu:38 -   4. Salir.
2021-11-03 13:29:25 INFO  Menu:39 - **************************MENU**************************
2021-11-03 13:29:25 INFO  Menu:40 - Introduce la opcion que desees: 
2021-11-03 13:29:31 INFO  Menu:53 - Has salido satisfactoriamente.
2021-11-03 13:29:38 INFO  Menu:34 - **************************MENU**************************
2021-11-03 13:29:38 INFO  Menu:35 -   1. Muestra los departamentos.
2021-11-03 13:29:38 INFO  Menu:36 -   2. Muestra los empleados dado un departamento.
2021-11-03 13:29:38 INFO  Menu:37 -   3. Inserta un departamento.
2021-11-03 13:29:38 INFO  Menu:38 -   4. Salir.
2021-11-03 13:29:38 INFO  Menu:39 - **************************MENU**************************
2021-11-03 13:29:38 INFO  Menu:40 - Introduce la opcion que desees: 
2021-11-03 13:29:40 INFO  DepartmentReader:18 - Introduce el nombre: 
2021-11-03 13:29:45 INFO  Menu:34 - **************************MENU**************************
2021-11-03 13:29:45 INFO  Menu:35 -   1. Muestra los departamentos.
2021-11-03 13:29:45 INFO  Menu:36 -   2. Muestra los empleados dado un departamento.
2021-11-03 13:29:45 INFO  Menu:37 -   3. Inserta un departamento.
2021-11-03 13:29:45 INFO  Menu:38 -   4. Salir.
2021-11-03 13:29:45 INFO  Menu:39 - **************************MENU**************************
2021-11-03 13:29:45 INFO  Menu:40 - Introduce la opcion que desees: 
2021-11-03 13:31:26 INFO  Menu:35 - **************************MENU**************************
2021-11-03 13:31:26 INFO  Menu:36 -   1. Muestra los departamentos.
2021-11-03 13:31:26 INFO  Menu:37 -   2. Muestra los empleados dado un departamento.
2021-11-03 13:31:26 INFO  Menu:38 -   3. Inserta un departamento.
2021-11-03 13:31:26 INFO  Menu:39 -   4. Salir.
2021-11-03 13:31:26 INFO  Menu:40 - **************************MENU**************************
2021-11-03 13:31:26 INFO  Menu:41 - Introduce la opcion que desees: 
2021-11-03 13:31:28 INFO  DepartmentReader:18 - Introduce el nombre: 
2021-11-03 13:31:32 INFO  Menu:52 - Employee{nif='00000000X', name='Pepa', surname='Pig', role='Jefe de departamento', department_name='Marketing'}
2021-11-03 13:31:32 INFO  Menu:52 - Employee{nif='00000001X', name='George', surname='Pig', role='Publicista', department_name='Marketing'}
2021-11-03 13:31:32 INFO  Menu:35 - **************************MENU**************************
2021-11-03 13:31:32 INFO  Menu:36 -   1. Muestra los departamentos.
2021-11-03 13:31:32 INFO  Menu:37 -   2. Muestra los empleados dado un departamento.
2021-11-03 13:31:32 INFO  Menu:38 -   3. Inserta un departamento.
2021-11-03 13:31:32 INFO  Menu:39 -   4. Salir.
2021-11-03 13:31:32 INFO  Menu:40 - **************************MENU**************************
2021-11-03 13:31:32 INFO  Menu:41 - Introduce la opcion que desees: 
2021-11-03 13:31:35 INFO  DepartmentReader:18 - Introduce el nombre: 
2021-11-03 13:31:39 INFO  Menu:35 - **************************MENU**************************
2021-11-03 13:31:39 INFO  Menu:36 -   1. Muestra los departamentos.
2021-11-03 13:31:39 INFO  Menu:37 -   2. Muestra los empleados dado un departamento.
2021-11-03 13:31:39 INFO  Menu:38 -   3. Inserta un departamento.
2021-11-03 13:31:39 INFO  Menu:39 -   4. Salir.
2021-11-03 13:31:39 INFO  Menu:40 - **************************MENU**************************
2021-11-03 13:31:39 INFO  Menu:41 - Introduce la opcion que desees: 
2021-11-03 13:31:45 INFO  Menu:57 - Has salido satisfactoriamente.
2021-11-03 13:31:55 INFO  Menu:35 - **************************MENU**************************
2021-11-03 13:31:55 INFO  Menu:36 -   1. Muestra los departamentos.
2021-11-03 13:31:55 INFO  Menu:37 -   2. Muestra los empleados dado un departamento.
2021-11-03 13:31:55 INFO  Menu:38 -   3. Inserta un departamento.
2021-11-03 13:31:55 INFO  Menu:39 -   4. Salir.
2021-11-03 13:31:55 INFO  Menu:40 - **************************MENU**************************
2021-11-03 13:31:55 INFO  Menu:41 - Introduce la opcion que desees: 
2021-11-03 13:31:58 INFO  DepartmentReader:19 - Introduce el nombre: 
2021-11-03 13:32:07 INFO  DepartmentReader:21 - Introduce la descripcion: 
2021-11-03 13:32:09 INFO  Menu:35 - **************************MENU**************************
2021-11-03 13:32:09 INFO  Menu:36 -   1. Muestra los departamentos.
2021-11-03 13:32:09 INFO  Menu:37 -   2. Muestra los empleados dado un departamento.
2021-11-03 13:32:09 INFO  Menu:38 -   3. Inserta un departamento.
2021-11-03 13:32:09 INFO  Menu:39 -   4. Salir.
2021-11-03 13:32:09 INFO  Menu:40 - **************************MENU**************************
2021-11-03 13:32:09 INFO  Menu:41 - Introduce la opcion que desees: 
2021-11-03 13:32:18 INFO  DepartmentReader:18 - Introduce el nombre: 
2021-11-03 13:32:22 INFO  Menu:35 - **************************MENU**************************
2021-11-03 13:32:22 INFO  Menu:36 -   1. Muestra los departamentos.
2021-11-03 13:32:22 INFO  Menu:37 -   2. Muestra los empleados dado un departamento.
2021-11-03 13:32:22 INFO  Menu:38 -   3. Inserta un departamento.
2021-11-03 13:32:22 INFO  Menu:39 -   4. Salir.
2021-11-03 13:32:22 INFO  Menu:40 - **************************MENU**************************
2021-11-03 13:32:22 INFO  Menu:41 - Introduce la opcion que desees: 
2021-11-03 13:33:31 INFO  Menu:57 - Has salido satisfactoriamente.
