2021-09-30 17:00:37 INFO  WordSearcher:21 - Type the path where your file is located
2021-09-30 17:09:36 INFO  WordSearcher:21 - Type the path where your file is located
2021-09-30 17:09:51 INFO  WordSearcher:35 - The path introduced was found
2021-09-30 17:09:51 INFO  WordSearcher:57 - Type the name of the file you would like to search on
2021-09-30 17:09:57 INFO  WordSearcher:71 - The file wasn't found
2021-09-30 17:09:57 INFO  WordSearcher:72 - Type the name of the file you would like to search on
2021-09-30 17:10:03 INFO  WordSearcher:57 - Type the name of the file you would like to search on
2021-09-30 17:10:19 INFO  WordSearcher:71 - The file wasn't found
2021-09-30 17:10:19 INFO  WordSearcher:72 - Type the name of the file you would like to search on
2021-09-30 17:10:39 INFO  WordSearcher:57 - Type the name of the file you would like to search on
2021-09-30 17:10:52 INFO  WordSearcher:71 - The file wasn't found
2021-09-30 17:10:52 INFO  WordSearcher:72 - Type the name of the file you would like to search on
2021-09-30 17:10:58 INFO  WordSearcher:57 - Type the name of the file you would like to search on
2021-09-30 17:11:50 INFO  WordSearcher:21 - Type the path where your file is located
2021-09-30 17:11:59 INFO  WordSearcher:27 - The path you introduced doesn't exist.
2021-09-30 17:11:59 INFO  WordSearcher:28 - Please try again
2021-09-30 17:12:02 INFO  WordSearcher:27 - The path you introduced doesn't exist.
2021-09-30 17:12:02 INFO  WordSearcher:28 - Please try again
2021-09-30 17:12:02 INFO  WordSearcher:27 - The path you introduced doesn't exist.
2021-09-30 17:12:02 INFO  WordSearcher:28 - Please try again
2021-09-30 17:12:02 INFO  WordSearcher:27 - The path you introduced doesn't exist.
2021-09-30 17:12:02 INFO  WordSearcher:28 - Please try again
2021-09-30 17:12:02 INFO  WordSearcher:27 - The path you introduced doesn't exist.
2021-09-30 17:12:02 INFO  WordSearcher:28 - Please try again
2021-09-30 17:12:02 INFO  WordSearcher:27 - The path you introduced doesn't exist.
2021-09-30 17:12:02 INFO  WordSearcher:28 - Please try again
2021-09-30 17:12:02 INFO  WordSearcher:27 - The path you introduced doesn't exist.
2021-09-30 17:12:02 INFO  WordSearcher:28 - Please try again
2021-09-30 17:12:02 INFO  WordSearcher:27 - The path you introduced doesn't exist.
2021-09-30 17:12:02 INFO  WordSearcher:28 - Please try again
2021-09-30 17:12:02 INFO  WordSearcher:27 - The path you introduced doesn't exist.
2021-09-30 17:12:02 INFO  WordSearcher:28 - Please try again
2021-09-30 17:12:02 INFO  WordSearcher:27 - The path you introduced doesn't exist.
2021-09-30 17:12:02 INFO  WordSearcher:28 - Please try again
2021-09-30 17:12:02 INFO  WordSearcher:27 - The path you introduced doesn't exist.
2021-09-30 17:12:02 INFO  WordSearcher:28 - Please try again
2021-09-30 17:12:02 INFO  WordSearcher:27 - The path you introduced doesn't exist.
2021-09-30 17:12:02 INFO  WordSearcher:28 - Please try again
2021-09-30 17:12:02 INFO  WordSearcher:27 - The path you introduced doesn't exist.
2021-09-30 17:12:02 INFO  WordSearcher:28 - Please try again
2021-09-30 17:12:02 INFO  WordSearcher:27 - The path you introduced doesn't exist.
2021-09-30 17:12:02 INFO  WordSearcher:28 - Please try again
2021-09-30 17:12:13 INFO  WordSearcher:21 - Type the path where your file is located
2021-09-30 17:12:15 INFO  WordSearcher:27 - The path you introduced doesn't exist.
2021-09-30 17:12:15 INFO  WordSearcher:28 - Please try again
2021-09-30 17:12:15 INFO  WordSearcher:27 - The path you introduced doesn't exist.
2021-09-30 17:12:15 INFO  WordSearcher:28 - Please try again
2021-09-30 17:12:15 INFO  WordSearcher:27 - The path you introduced doesn't exist.
2021-09-30 17:12:15 INFO  WordSearcher:28 - Please try again
2021-09-30 17:12:15 INFO  WordSearcher:27 - The path you introduced doesn't exist.
2021-09-30 17:12:15 INFO  WordSearcher:28 - Please try again
2021-09-30 17:12:15 INFO  WordSearcher:27 - The path you introduced doesn't exist.
2021-09-30 17:12:15 INFO  WordSearcher:28 - Please try again
2021-09-30 17:12:15 INFO  WordSearcher:27 - The path you introduced doesn't exist.
2021-09-30 17:12:15 INFO  WordSearcher:28 - Please try again
2021-09-30 17:12:15 INFO  WordSearcher:27 - The path you introduced doesn't exist.
2021-09-30 17:12:15 INFO  WordSearcher:28 - Please try again
2021-09-30 17:12:15 INFO  WordSearcher:27 - The path you introduced doesn't exist.
2021-09-30 17:12:15 INFO  WordSearcher:28 - Please try again
2021-09-30 17:12:15 INFO  WordSearcher:27 - The path you introduced doesn't exist.
2021-09-30 17:12:15 INFO  WordSearcher:28 - Please try again
2021-09-30 17:12:15 INFO  WordSearcher:27 - The path you introduced doesn't exist.
2021-09-30 17:12:15 INFO  WordSearcher:28 - Please try again
2021-09-30 17:12:15 INFO  WordSearcher:27 - The path you introduced doesn't exist.
2021-09-30 17:12:15 INFO  WordSearcher:28 - Please try again
2021-09-30 17:12:15 INFO  WordSearcher:27 - The path you introduced doesn't exist.
2021-09-30 17:12:15 INFO  WordSearcher:28 - Please try again
2021-09-30 17:12:15 INFO  WordSearcher:27 - The path you introduced doesn't exist.
2021-09-30 17:12:15 INFO  WordSearcher:28 - Please try again
2021-09-30 17:12:16 INFO  WordSearcher:27 - The path you introduced doesn't exist.
2021-09-30 17:12:16 INFO  WordSearcher:28 - Please try again
2021-09-30 17:12:16 INFO  WordSearcher:27 - The path you introduced doesn't exist.
2021-09-30 17:12:16 INFO  WordSearcher:28 - Please try again
2021-09-30 17:12:16 INFO  WordSearcher:27 - The path you introduced doesn't exist.
2021-09-30 17:12:16 INFO  WordSearcher:28 - Please try again
2021-09-30 17:12:16 INFO  WordSearcher:27 - The path you introduced doesn't exist.
2021-09-30 17:12:16 INFO  WordSearcher:28 - Please try again
2021-09-30 17:12:16 INFO  WordSearcher:27 - The path you introduced doesn't exist.
2021-09-30 17:12:16 INFO  WordSearcher:28 - Please try again
2021-09-30 17:12:16 INFO  WordSearcher:27 - The path you introduced doesn't exist.
2021-09-30 17:12:16 INFO  WordSearcher:28 - Please try again
2021-09-30 17:12:16 INFO  WordSearcher:27 - The path you introduced doesn't exist.
2021-09-30 17:12:16 INFO  WordSearcher:28 - Please try again
2021-09-30 17:12:16 INFO  WordSearcher:27 - The path you introduced doesn't exist.
2021-09-30 17:12:16 INFO  WordSearcher:28 - Please try again
2021-09-30 17:12:16 INFO  WordSearcher:27 - The path you introduced doesn't exist.
2021-09-30 17:12:16 INFO  WordSearcher:28 - Please try again
2021-09-30 17:12:16 INFO  WordSearcher:27 - The path you introduced doesn't exist.
2021-09-30 17:12:16 INFO  WordSearcher:28 - Please try again
2021-09-30 17:12:16 INFO  WordSearcher:27 - The path you introduced doesn't exist.
2021-09-30 17:12:16 INFO  WordSearcher:28 - Please try again
2021-09-30 17:12:16 INFO  WordSearcher:27 - The path you introduced doesn't exist.
2021-09-30 17:12:16 INFO  WordSearcher:28 - Please try again
2021-09-30 17:12:16 INFO  WordSearcher:27 - The path you introduced doesn't exist.
2021-09-30 17:12:16 INFO  WordSearcher:28 - Please try again
2021-09-30 17:12:17 INFO  WordSearcher:27 - The path you introduced doesn't exist.
2021-09-30 17:12:17 INFO  WordSearcher:28 - Please try again
2021-09-30 17:12:18 INFO  WordSearcher:27 - The path you introduced doesn't exist.
2021-09-30 17:12:18 INFO  WordSearcher:28 - Please try again
2021-09-30 17:12:18 INFO  WordSearcher:27 - The path you introduced doesn't exist.
2021-09-30 17:12:18 INFO  WordSearcher:28 - Please try again
2021-09-30 17:12:18 INFO  WordSearcher:27 - The path you introduced doesn't exist.
2021-09-30 17:12:18 INFO  WordSearcher:28 - Please try again
2021-09-30 17:12:18 INFO  WordSearcher:27 - The path you introduced doesn't exist.
2021-09-30 17:12:18 INFO  WordSearcher:28 - Please try again
2021-09-30 17:12:18 INFO  WordSearcher:27 - The path you introduced doesn't exist.
2021-09-30 17:12:18 INFO  WordSearcher:28 - Please try again
2021-09-30 17:12:18 INFO  WordSearcher:27 - The path you introduced doesn't exist.
2021-09-30 17:12:18 INFO  WordSearcher:28 - Please try again
2021-09-30 17:12:18 INFO  WordSearcher:27 - The path you introduced doesn't exist.
2021-09-30 17:12:18 INFO  WordSearcher:28 - Please try again
2021-09-30 17:12:18 INFO  WordSearcher:27 - The path you introduced doesn't exist.
2021-09-30 17:12:18 INFO  WordSearcher:28 - Please try again
2021-09-30 17:12:18 INFO  WordSearcher:27 - The path you introduced doesn't exist.
2021-09-30 17:12:18 INFO  WordSearcher:28 - Please try again
2021-09-30 17:12:18 INFO  WordSearcher:27 - The path you introduced doesn't exist.
2021-09-30 17:12:18 INFO  WordSearcher:28 - Please try again
2021-09-30 17:12:18 INFO  WordSearcher:27 - The path you introduced doesn't exist.
2021-09-30 17:12:18 INFO  WordSearcher:28 - Please try again
2021-09-30 17:12:18 INFO  WordSearcher:27 - The path you introduced doesn't exist.
2021-09-30 17:12:18 INFO  WordSearcher:28 - Please try again
2021-09-30 17:12:21 INFO  WordSearcher:21 - Type the path where your file is located
2021-09-30 17:12:24 INFO  WordSearcher:27 - The path you introduced doesn't exist.
2021-09-30 17:12:24 INFO  WordSearcher:28 - Please try again
2021-09-30 17:12:24 INFO  WordSearcher:27 - The path you introduced doesn't exist.
2021-09-30 17:12:24 INFO  WordSearcher:28 - Please try again
2021-09-30 17:12:24 INFO  WordSearcher:27 - The path you introduced doesn't exist.
2021-09-30 17:12:24 INFO  WordSearcher:28 - Please try again
2021-09-30 17:12:24 INFO  WordSearcher:27 - The path you introduced doesn't exist.
2021-09-30 17:12:24 INFO  WordSearcher:28 - Please try again
2021-09-30 17:12:24 INFO  WordSearcher:27 - The path you introduced doesn't exist.
2021-09-30 17:12:24 INFO  WordSearcher:28 - Please try again
2021-09-30 17:12:24 INFO  WordSearcher:27 - The path you introduced doesn't exist.
2021-09-30 17:12:24 INFO  WordSearcher:28 - Please try again
2021-09-30 17:12:24 INFO  WordSearcher:27 - The path you introduced doesn't exist.
2021-09-30 17:12:24 INFO  WordSearcher:28 - Please try again
2021-09-30 17:12:24 INFO  WordSearcher:27 - The path you introduced doesn't exist.
2021-09-30 17:12:24 INFO  WordSearcher:28 - Please try again
2021-09-30 17:12:24 INFO  WordSearcher:27 - The path you introduced doesn't exist.
2021-09-30 17:12:24 INFO  WordSearcher:28 - Please try again
2021-09-30 17:12:24 INFO  WordSearcher:27 - The path you introduced doesn't exist.
2021-09-30 17:12:24 INFO  WordSearcher:28 - Please try again
2021-09-30 17:12:24 INFO  WordSearcher:27 - The path you introduced doesn't exist.
2021-09-30 17:12:24 INFO  WordSearcher:28 - Please try again
2021-09-30 17:12:24 INFO  WordSearcher:27 - The path you introduced doesn't exist.
2021-09-30 17:12:24 INFO  WordSearcher:28 - Please try again
2021-09-30 17:12:24 INFO  WordSearcher:27 - The path you introduced doesn't exist.
2021-09-30 17:12:24 INFO  WordSearcher:28 - Please try again
2021-09-30 17:12:33 INFO  WordSearcher:27 - The path you introduced doesn't exist.
2021-09-30 17:12:33 INFO  WordSearcher:28 - Please try again
2021-09-30 17:12:42 INFO  WordSearcher:35 - The path introduced was found
2021-09-30 17:12:42 INFO  WordSearcher:55 - Type the name of the file you would like to search on
2021-09-30 17:12:47 INFO  WordSearcher:73 - The file wasn't found
2021-09-30 17:12:47 INFO  WordSearcher:74 - Type the name of the file you would like to search on
2021-09-30 17:12:56 INFO  WordSearcher:67 - The file was found
2021-09-30 17:12:56 INFO  WordSearcher:97 - Type the word you would like to look for in el_quijote.txt
2021-09-30 17:13:02 INFO  WordSearcher:119 - The word Sancho was found 481times
2021-09-30 17:13:18 INFO  WordSearcher:21 - Type the path where your file is located
2021-09-30 17:13:25 INFO  WordSearcher:35 - The path introduced was found
2021-09-30 17:13:25 INFO  WordSearcher:55 - Type the name of the file you would like to search on
2021-09-30 17:13:33 INFO  WordSearcher:73 - The file wasn't found
2021-09-30 17:13:33 INFO  WordSearcher:74 - Type the name of the file you would like to search on
2021-09-30 17:13:39 INFO  WordSearcher:67 - The file was found
2021-09-30 17:13:39 INFO  WordSearcher:97 - Type the word you would like to look for in Veneno.txt
2021-09-30 17:13:56 INFO  WordSearcher:119 - The word veneno was found 14 times
2021-09-30 17:14:09 INFO  WordSearcher:21 - Type the path where your file is located
2021-09-30 17:14:16 INFO  WordSearcher:35 - The path introduced was found
2021-09-30 17:14:16 INFO  WordSearcher:55 - Type the name of the file you would like to search on
2021-09-30 17:14:27 INFO  WordSearcher:67 - The file was found
2021-09-30 17:14:27 INFO  WordSearcher:97 - Type the word you would like to look for in Yonaguni.txt
2021-09-30 17:14:44 INFO  WordSearcher:119 - The word Yonaguni was found 3 times
2021-09-30 17:15:57 INFO  WordSearcher:21 - Type the path where your file is located
2021-09-30 17:16:15 INFO  WordSearcher:35 - The path introduced was found
2021-09-30 17:16:15 INFO  WordSearcher:55 - Type the name of the file you would like to search on
2021-09-30 17:16:20 INFO  WordSearcher:73 - The file wasn't found
2021-09-30 17:16:20 INFO  WordSearcher:74 - Type the name of the file you would like to search on
2021-09-30 17:16:26 INFO  WordSearcher:67 - The file was found
2021-09-30 17:16:26 INFO  WordSearcher:97 - Type the word you would like to look for in Yonaguni.txt
2021-09-30 17:16:31 INFO  WordSearcher:119 - The word Yeah was found 4 times
2021-09-30 17:16:38 INFO  WordSearcher:21 - Type the path where your file is located
2021-09-30 17:16:49 INFO  WordSearcher:35 - The path introduced was found
2021-09-30 17:16:49 INFO  WordSearcher:55 - Type the name of the file you would like to search on
2021-09-30 17:17:50 INFO  WordSearcher:67 - The file was found
2021-09-30 17:17:50 INFO  WordSearcher:97 - Type the word you would like to look for in Yonaguni.txt
2021-09-30 17:17:53 INFO  WordSearcher:119 - The word yeah was found 4 times
2021-09-30 17:18:26 INFO  WordSearcher:21 - Type the path where your file is located
2021-09-30 17:18:35 INFO  WordSearcher:27 - The path you introduced doesn't exist.
2021-09-30 17:18:35 INFO  WordSearcher:28 - Please try again
2021-09-30 17:18:40 INFO  WordSearcher:35 - The path introduced was found
2021-09-30 17:18:40 INFO  WordSearcher:55 - Type the name of the file you would like to search on
2021-09-30 17:18:45 INFO  WordSearcher:67 - The file was found
2021-09-30 17:18:45 INFO  WordSearcher:97 - Type the word you would like to look for in Yonaguni.txt
2021-09-30 17:18:47 INFO  WordSearcher:119 - The word -yeah was found 4 times
2021-09-30 17:19:20 INFO  WordSearcher:21 - Type the path where your file is located
2021-09-30 17:19:31 INFO  WordSearcher:35 - The path introduced was found
2021-09-30 17:19:31 INFO  WordSearcher:55 - Type the name of the file you would like to search on
2021-09-30 17:19:37 INFO  WordSearcher:67 - The file was found
2021-09-30 17:19:37 INFO  WordSearcher:97 - Type the word you would like to look for in Yonaguni.txt
2021-09-30 17:19:40 INFO  WordSearcher:119 - The word Bad was found 2 times
2021-09-30 17:20:53 INFO  WordSearcher:21 - Type the path where your file is located
2021-09-30 17:20:58 INFO  WordSearcher:35 - The path introduced was found
2021-09-30 17:20:58 INFO  WordSearcher:55 - Type the name of the file you would like to search on
2021-09-30 17:21:07 INFO  WordSearcher:73 - The file wasn't found
2021-09-30 17:21:07 INFO  WordSearcher:74 - Type the name of the file you would like to search on
2021-09-30 17:21:07 INFO  WordSearcher:73 - The file wasn't found
2021-09-30 17:21:07 INFO  WordSearcher:74 - Type the name of the file you would like to search on
2021-09-30 17:21:07 INFO  WordSearcher:73 - The file wasn't found
2021-09-30 17:21:07 INFO  WordSearcher:74 - Type the name of the file you would like to search on
2021-09-30 17:21:07 INFO  WordSearcher:73 - The file wasn't found
2021-09-30 17:21:07 INFO  WordSearcher:74 - Type the name of the file you would like to search on
2021-09-30 17:21:07 INFO  WordSearcher:73 - The file wasn't found
2021-09-30 17:21:07 INFO  WordSearcher:74 - Type the name of the file you would like to search on
2021-09-30 17:21:07 INFO  WordSearcher:73 - The file wasn't found
2021-09-30 17:21:07 INFO  WordSearcher:74 - Type the name of the file you would like to search on
2021-09-30 17:21:07 INFO  WordSearcher:73 - The file wasn't found
2021-09-30 17:21:07 INFO  WordSearcher:74 - Type the name of the file you would like to search on
2021-09-30 17:21:14 INFO  WordSearcher:73 - The file wasn't found
2021-09-30 17:21:14 INFO  WordSearcher:74 - Type the name of the file you would like to search on
2021-09-30 17:21:14 INFO  WordSearcher:73 - The file wasn't found
2021-09-30 17:21:14 INFO  WordSearcher:74 - Type the name of the file you would like to search on
2021-09-30 17:21:14 INFO  WordSearcher:73 - The file wasn't found
2021-09-30 17:21:14 INFO  WordSearcher:74 - Type the name of the file you would like to search on
2021-09-30 17:21:14 INFO  WordSearcher:73 - The file wasn't found
2021-09-30 17:21:14 INFO  WordSearcher:74 - Type the name of the file you would like to search on
2021-09-30 17:21:14 INFO  WordSearcher:73 - The file wasn't found
2021-09-30 17:21:14 INFO  WordSearcher:74 - Type the name of the file you would like to search on
2021-09-30 17:21:14 INFO  WordSearcher:73 - The file wasn't found
2021-09-30 17:21:14 INFO  WordSearcher:74 - Type the name of the file you would like to search on
2021-09-30 17:21:14 INFO  WordSearcher:73 - The file wasn't found
2021-09-30 17:21:14 INFO  WordSearcher:74 - Type the name of the file you would like to search on
2021-09-30 17:21:33 INFO  WordSearcher:67 - The file was found
2021-09-30 17:21:33 INFO  WordSearcher:97 - Type the word you would like to look for in Uva.txt
2021-09-30 17:21:37 INFO  WordSearcher:119 - The word uva was found 6 times
2021-09-30 18:51:47 INFO  WordSearcher:21 - Type the path where your file is located
2021-09-30 18:51:56 INFO  WordSearcher:35 - The path introduced was found
2021-09-30 18:51:56 INFO  WordSearcher:55 - Type the name of the file you would like to search on
2021-09-30 18:52:22 INFO  WordSearcher:67 - The file was found
2021-09-30 18:52:22 INFO  WordSearcher:97 - Type the word you would like to look for in Uva.txt
2021-09-30 18:52:25 INFO  WordSearcher:122 - The word uva was found 3 times
